
> rest-express@1.0.0 start
> NODE_ENV=production node dist/index.js

✅ Stripe initialized successfully
6:20:34 PM [express] serving on port 5000
6:25:51 PM [express] GET /api/timeslots/2025-07-24 500 in 65ms :: {"message":"Error fetching time sl…
6:25:52 PM [express] GET /api/timeslots/2025-07-24 500 in 4ms :: {"message":"Error fetching time slo…
6:25:52 PM [express] GET /api/timeslots/2025-07-24 500 in 4ms :: {"message":"Error fetching time slo…
6:25:52 PM [express] GET /api/timeslots/2025-07-24 500 in 4ms :: {"message":"Error fetching time slo…
6:25:53 PM [express] GET /api/timeslots/2025-07-24 500 in 7ms :: {"message":"Error fetching time slo…
6:25:54 PM [express] GET /api/timeslots/2025-07-24 500 in 3ms :: {"message":"Error fetching time slo…
6:49:23 PM [express] GET /api/timeslots/2025-07-24 500 in 5ms :: {"message":"Error fetching time slo…
6:49:28 PM [express] GET /api/auth/user 200 in 1ms :: {"isAdmin":true,"id":"admin","email":"admin@de…
6:49:28 PM [express] GET /api/bookings 401 in 1ms :: {"message":"Admin access required"}
6:49:28 PM [express] GET /api/dashboard/stats 500 in 8ms :: {"message":"Error fetching stats: connec…
6:49:28 PM [express] GET /api/auth/user 304 in 1ms :: {"isAdmin":true,"id":"admin","email":"admin@de…
6:49:28 PM [express] GET /api/bookings 401 in 1ms :: {"message":"Admin access required"}
6:49:28 PM [express] GET /api/timeslots/2025-07-24 500 in 16ms :: {"message":"Error fetching time sl…
6:49:28 PM [express] GET /api/dashboard/stats 500 in 10ms :: {"message":"Error fetching stats: conne…
6:49:35 PM [express] GET /api/timeslots/2025-07-24 500 in 6ms :: {"message":"Error fetching time slo…
6:49:37 PM [express] GET /api/timeslots/2025-07-24 500 in 5ms :: {"message":"Error fetching time slo…
6:49:43 PM [express] GET /api/timeslots/2025-07-24 500 in 5ms :: {"message":"Error fetching time slo…
6:49:46 PM [express] GET /api/auth/user 304 in 1ms :: {"isAdmin":true,"id":"admin","email":"admin@de…
7:03:21 PM [express] GET /api/timeslots/2025-07-24 500 in 4ms :: {"message":"Error fetching time slo…
7:03:23 PM [express] GET /api/timeslots/2025-07-24 500 in 4ms :: {"message":"Error fetching time slo…
9:41:38 PM [express] GET /api/timeslots/2025-07-24 500 in 4ms :: {"message":"Error fetching time slo…
9:42:42 PM [express] GET /api/timeslots/2025-07-24 500 in 4ms :: {"message":"Error fetching time slo…
9:42:48 PM [express] GET /api/timeslots/2025-07-24 500 in 4ms :: {"message":"Error fetching time slo…
9:57:48 PM [express] GET /api/timeslots/2025-07-25 500 in 4ms :: {"message":"Error fetching time slo…
3:52:25 PM [express] GET /api/timeslots/2025-07-25 500 in 4ms :: {"message":"Error fetching time slo…
3:52:37 PM [express] GET /api/auth/user 200 in 1ms :: {"isAdmin":true,"id":"admin","email":"admin@de…
3:52:37 PM [express] GET /api/bookings 401 in 1ms :: {"message":"Admin access required"}
3:52:37 PM [express] GET /api/dashboard/stats 500 in 8ms :: {"message":"Error fetching stats: connec…
3:52:37 PM [express] GET /api/timeslots/2025-07-25 500 in 6ms :: {"message":"Error fetching time slo…
3:52:37 PM [express] GET /api/auth/user 304 in 0ms :: {"isAdmin":true,"id":"admin","email":"admin@de…
3:52:37 PM [express] GET /api/timeslots/2025-07-25 500 in 6ms :: {"message":"Error fetching time slo…
3:52:37 PM [express] GET /api/bookings 401 in 1ms :: {"message":"Admin access required"}
3:52:37 PM [express] GET /api/dashboard/stats 500 in 7ms :: {"message":"Error fetching stats: connec…
